<?xml version="1.0" encoding="UTF-8"?>
<testng-results ignored="0" total="1" passed="1" failed="0" skipped="0">
  <reporter-output>
  </reporter-output>
  <suite started-at="2021-03-03T18:24:16 IST" name="Suite" finished-at="2021-03-03T18:24:16 IST" duration-ms="86">
    <groups>
    </groups>
    <test started-at="2021-03-03T18:24:16 IST" name="Test" finished-at="2021-03-03T18:24:16 IST" duration-ms="86">
      <class name="jenkins.demo.jenkinsTests">
        <test-method signature="test()[pri:0, instance:jenkins.demo.jenkinsTests@2641e737]" started-at="2021-03-03T18:24:16 IST" name="test" finished-at="2021-03-03T18:24:16 IST" duration-ms="8" status="PASS">
          <reporter-output>
          </reporter-output>
        </test-method> <!-- test -->
      </class> <!-- jenkins.demo.jenkinsTests -->
    </test> <!-- Test -->
  </suite> <!-- Suite -->
</testng-results>
